Traceback (most recent call last):
  File "/opt/hostedtoolcache/Python/3.10.16/x64/lib/python3.10/site-packages/jupyter_cache/executors/utils.py", line 58, in single_nb_execution
    executenb(
  File "/opt/hostedtoolcache/Python/3.10.16/x64/lib/python3.10/site-packages/nbclient/client.py", line 1319, in execute
    return NotebookClient(nb=nb, resources=resources, km=km, **kwargs).execute()
  File "/opt/hostedtoolcache/Python/3.10.16/x64/lib/python3.10/site-packages/jupyter_core/utils/__init__.py", line 165, in wrapped
    return loop.run_until_complete(inner)
  File "/opt/hostedtoolcache/Python/3.10.16/x64/lib/python3.10/asyncio/base_events.py", line 649, in run_until_complete
    return future.result()
  File "/opt/hostedtoolcache/Python/3.10.16/x64/lib/python3.10/site-packages/nbclient/client.py", line 709, in async_execute
    await self.async_execute_cell(
  File "/opt/hostedtoolcache/Python/3.10.16/x64/lib/python3.10/site-packages/nbclient/client.py", line 1062, in async_execute_cell
    await self._check_raise_for_error(cell, cell_index, exec_reply)
  File "/opt/hostedtoolcache/Python/3.10.16/x64/lib/python3.10/site-packages/nbclient/client.py", line 918, in _check_raise_for_error
    raise CellExecutionError.from_cell_and_msg(cell, exec_reply_content)
nbclient.exceptions.CellExecutionError: An error occurred while executing the following cell:
------------------
%pip install scikit-learn -qq
%pip install matplotlib -qq

import matplotlib.pyplot as plt
from matplotlib.legend_handler import HandlerPathCollection

# Visualisasi hasil
def update_legend_marker_size(handle, orig):
    "Customize size of the legend marker"
    handle.update_from(orig)
    handle.set_sizes([20])

plt.scatter(X[:, 0], X[:, 1], color="k", s=3.0, label="Data points")

# Plot lingkaran dengan radius proporsional terhadap skor outlier
radius = (X_scores.max() - X_scores) / (X_scores.max() - X_scores.min())
scatter = plt.scatter(X[:, 0],X[:, 1],s=1000 * radius,edgecolors="r",facecolors="none",label="Outlier scores",)

plt.axis("tight")
plt.xlabel("Prediction errors: %d" % (y_pred[y_pred == -1].size))  # Jumlah outlier
plt.legend(handler_map={scatter: HandlerPathCollection(update_func=update_legend_marker_size)})
plt.title("Local Outlier Factor (LOF)")
plt.show()

# Output hasil prediksi
data["LOF_Prediction"] = y_pred
data["LOF_Score"] = X_scores
print(data)

------------------

----- stdout -----
Note: you may need to restart the kernel to use updated packages.
----- stdout -----
Note: you may need to restart the kernel to use updated packages.
------------------

[0;31m---------------------------------------------------------------------------[0m
[0;31mNameError[0m                                 Traceback (most recent call last)
Cell [0;32mIn[2], line 13[0m
[1;32m     10[0m     handle[38;5;241m.[39mupdate_from(orig)
[1;32m     11[0m     handle[38;5;241m.[39mset_sizes([[38;5;241m20[39m])
[0;32m---> 13[0m plt[38;5;241m.[39mscatter([43mX[49m[:, [38;5;241m0[39m], X[:, [38;5;241m1[39m], color[38;5;241m=[39m[38;5;124m"[39m[38;5;124mk[39m[38;5;124m"[39m, s[38;5;241m=[39m[38;5;241m3.0[39m, label[38;5;241m=[39m[38;5;124m"[39m[38;5;124mData points[39m[38;5;124m"[39m)
[1;32m     15[0m [38;5;66;03m# Plot lingkaran dengan radius proporsional terhadap skor outlier[39;00m
[1;32m     16[0m radius [38;5;241m=[39m (X_scores[38;5;241m.[39mmax() [38;5;241m-[39m X_scores) [38;5;241m/[39m (X_scores[38;5;241m.[39mmax() [38;5;241m-[39m X_scores[38;5;241m.[39mmin())

[0;31mNameError[0m: name 'X' is not defined

